2023-11-08 18:32:53,279 p=22660 u=esi n=ansible | PLAY [load balancing] *******************************************************************************************************************************************************
2023-11-08 18:32:53,288 p=22660 u=esi n=ansible | TASK [Gathering Facts] ******************************************************************************************************************************************************
2023-11-08 18:33:02,995 p=22660 u=esi n=ansible | ok: [host-1]
2023-11-08 18:33:03,016 p=22660 u=esi n=ansible | TASK [haproxy : Update Cache] ***********************************************************************************************************************************************
2023-11-08 18:33:15,113 p=22660 u=esi n=ansible | changed: [host-1]
2023-11-08 18:33:15,127 p=22660 u=esi n=ansible | TASK [haproxy : Installing Haproxy] *****************************************************************************************************************************************
2023-11-08 18:33:25,501 p=22660 u=esi n=ansible | changed: [host-1]
2023-11-08 18:33:25,510 p=22660 u=esi n=ansible | TASK [haproxy : Copy the HAProyx Config files] ******************************************************************************************************************************
2023-11-08 18:33:33,081 p=22660 u=esi n=ansible | changed: [host-1]
2023-11-08 18:33:33,094 p=22660 u=esi n=ansible | TASK [haproxy : Start the HAProxy Service] **********************************************************************************************************************************
2023-11-08 18:33:38,904 p=22660 u=esi n=ansible | ok: [host-1]
2023-11-08 18:33:38,946 p=22660 u=esi n=ansible | PLAY RECAP ******************************************************************************************************************************************************************
2023-11-08 18:33:38,946 p=22660 u=esi n=ansible | host-1                     : ok=5    changed=3    unreachable=0    failed=0    skipped=0    rescued=0    ignored=0   
2023-11-08 18:56:15,279 p=23216 u=esi n=ansible | PLAY [load balancing] *******************************************************************************************************************************************************
2023-11-08 18:56:15,287 p=23216 u=esi n=ansible | TASK [Gathering Facts] ******************************************************************************************************************************************************
2023-11-08 18:56:24,584 p=23216 u=esi n=ansible | ok: [host-1]
2023-11-08 18:56:24,610 p=23216 u=esi n=ansible | TASK [haproxy : Update Cache] ***********************************************************************************************************************************************
2023-11-08 18:56:38,464 p=23216 u=esi n=ansible | changed: [host-1]
2023-11-08 18:56:38,473 p=23216 u=esi n=ansible | TASK [haproxy : Installing Haproxy] *****************************************************************************************************************************************
2023-11-08 18:56:44,273 p=23216 u=esi n=ansible | ok: [host-1]
2023-11-08 18:56:44,281 p=23216 u=esi n=ansible | TASK [haproxy : Copy the HAProyx Config files] ******************************************************************************************************************************
2023-11-08 18:56:51,745 p=23216 u=esi n=ansible | ok: [host-1]
2023-11-08 18:56:51,756 p=23216 u=esi n=ansible | TASK [haproxy : template] ***************************************************************************************************************************************************
2023-11-08 18:56:58,575 p=23216 u=esi n=ansible | ok: [host-1]
2023-11-08 18:56:58,583 p=23216 u=esi n=ansible | TASK [haproxy : Start the HAProxy Service] **********************************************************************************************************************************
2023-11-08 18:57:05,364 p=23216 u=esi n=ansible | ok: [host-1]
2023-11-08 18:57:05,401 p=23216 u=esi n=ansible | PLAY RECAP ******************************************************************************************************************************************************************
2023-11-08 18:57:05,402 p=23216 u=esi n=ansible | host-1                     : ok=6    changed=1    unreachable=0    failed=0    skipped=0    rescued=0    ignored=0   
2023-11-08 18:58:55,995 p=23306 u=esi n=ansible | ERROR! We were unable to read either as JSON nor YAML, these are the errors we got from each:
JSON: Expecting value: line 1 column 1 (char 0)

Syntax Error while loading YAML.
  mapping values are not allowed in this context

The error appears to be in '/home/esi/Git/Self-DevOps-BootCamp-1/Task-1/ansible/load-balancer/roles/haproxy/tasks/main.yml': line 18, column 8, but may
be elsewhere in the file depending on the exact syntax problem.

The offending line appears to be:

  template: Copy the HAProyx Config files 2
    src: "files/haproxy2.cfg.j2"
       ^ here

2023-11-08 18:59:37,564 p=23314 u=esi n=ansible | ERROR! We were unable to read either as JSON nor YAML, these are the errors we got from each:
JSON: Expecting value: line 1 column 1 (char 0)

Syntax Error while loading YAML.
  did not find expected key

The error appears to be in '/home/esi/Git/Self-DevOps-BootCamp-1/Task-1/ansible/load-balancer/roles/haproxy/tasks/main.yml': line 18, column 5, but may
be elsewhere in the file depending on the exact syntax problem.

The offending line appears to be:

  template: "Copy the HAProyx Config files 2"
    src: "files/haproxy2.cfg.j2"
    ^ here

2023-11-08 19:00:12,446 p=23340 u=esi n=ansible | PLAY [load balancing] *******************************************************************************************************************************************************
2023-11-08 19:00:12,455 p=23340 u=esi n=ansible | TASK [Gathering Facts] ******************************************************************************************************************************************************
2023-11-08 19:00:21,640 p=23340 u=esi n=ansible | ok: [host-1]
2023-11-08 19:00:21,664 p=23340 u=esi n=ansible | TASK [haproxy : Update Cache] ***********************************************************************************************************************************************
2023-11-08 19:00:28,024 p=23340 u=esi n=ansible | changed: [host-1]
2023-11-08 19:00:28,033 p=23340 u=esi n=ansible | TASK [haproxy : Installing Haproxy] *****************************************************************************************************************************************
2023-11-08 19:00:33,360 p=23340 u=esi n=ansible | ok: [host-1]
2023-11-08 19:00:33,372 p=23340 u=esi n=ansible | TASK [haproxy : Copy the HAProyx Config files 1] ****************************************************************************************************************************
2023-11-08 19:00:41,600 p=23340 u=esi n=ansible | ok: [host-1]
2023-11-08 19:00:41,609 p=23340 u=esi n=ansible | TASK [haproxy : Copy the HAProyx Config files 2] ****************************************************************************************************************************
2023-11-08 19:00:49,657 p=23340 u=esi n=ansible | ok: [host-1]
2023-11-08 19:00:49,665 p=23340 u=esi n=ansible | TASK [haproxy : Start the HAProxy Service] **********************************************************************************************************************************
2023-11-08 19:00:55,994 p=23340 u=esi n=ansible | ok: [host-1]
2023-11-08 19:00:56,038 p=23340 u=esi n=ansible | PLAY RECAP ******************************************************************************************************************************************************************
2023-11-08 19:00:56,038 p=23340 u=esi n=ansible | host-1                     : ok=6    changed=1    unreachable=0    failed=0    skipped=0    rescued=0    ignored=0   
2023-11-08 19:07:32,945 p=23570 u=esi n=ansible | PLAY [load balancing] *******************************************************************************************************************************************************
2023-11-08 19:07:32,956 p=23570 u=esi n=ansible | TASK [Gathering Facts] ******************************************************************************************************************************************************
2023-11-08 19:07:43,654 p=23570 u=esi n=ansible | ok: [host-1]
2023-11-08 19:07:43,682 p=23570 u=esi n=ansible | TASK [haproxy : Update Cache] ***********************************************************************************************************************************************
2023-11-08 19:07:50,377 p=23570 u=esi n=ansible | changed: [host-1]
2023-11-08 19:07:50,387 p=23570 u=esi n=ansible | TASK [haproxy : Installing Haproxy] *****************************************************************************************************************************************
2023-11-08 19:07:55,884 p=23570 u=esi n=ansible | ok: [host-1]
2023-11-08 19:07:55,897 p=23570 u=esi n=ansible | TASK [haproxy : Copy the HAProyx Config files 1] ****************************************************************************************************************************
2023-11-08 19:08:03,397 p=23570 u=esi n=ansible | ok: [host-1]
2023-11-08 19:08:03,405 p=23570 u=esi n=ansible | TASK [haproxy : Copy the HAProyx Config files 2] ****************************************************************************************************************************
2023-11-08 19:08:04,014 p=23570 u=esi n=ansible | An exception occurred during task execution. To see the full traceback, use -vvv. The error was: . Block names in Jinja have to be valid Python identifiers and may not contain hyphens, use an underscore instead.
2023-11-08 19:08:04,015 p=23570 u=esi n=ansible | fatal: [host-1]: FAILED! => {"changed": false, "msg": "AnsibleError: template error while templating string: Block names in Jinja have to be valid Python identifiers and may not contain hyphens, use an underscore instead.. String: {% extends \"haproxy1.cfg.j2\" %}\n\n{% block front-back %}\n    frontend http-in\n        bind *:80\n        default_backend wordpress-backend\n    \n    backend wordpress-backend\n        balance roundrobin \n        {% for port in backend_port %}\n            server {{ backend_hostname }} {{ backend_ip_address }}:{{ port }} check \n        {% endfor %}\n{% endblock %}\n. Block names in Jinja have to be valid Python identifiers and may not contain hyphens, use an underscore instead."}
2023-11-08 19:08:04,016 p=23570 u=esi n=ansible | PLAY RECAP ******************************************************************************************************************************************************************
2023-11-08 19:08:04,016 p=23570 u=esi n=ansible | host-1                     : ok=4    changed=1    unreachable=0    failed=1    skipped=0    rescued=0    ignored=0   
2023-11-08 19:08:54,132 p=23632 u=esi n=ansible | PLAY [load balancing] *******************************************************************************************************************************************************
2023-11-08 19:08:54,141 p=23632 u=esi n=ansible | TASK [Gathering Facts] ******************************************************************************************************************************************************
2023-11-08 19:09:01,972 p=23632 u=esi n=ansible | ok: [host-1]
2023-11-08 19:09:01,996 p=23632 u=esi n=ansible | TASK [haproxy : Update Cache] ***********************************************************************************************************************************************
2023-11-08 19:09:08,536 p=23632 u=esi n=ansible | changed: [host-1]
2023-11-08 19:09:08,548 p=23632 u=esi n=ansible | TASK [haproxy : Installing Haproxy] *****************************************************************************************************************************************
2023-11-08 19:09:14,130 p=23632 u=esi n=ansible | ok: [host-1]
2023-11-08 19:09:14,142 p=23632 u=esi n=ansible | TASK [haproxy : Copy the HAProyx Config files 1] ****************************************************************************************************************************
2023-11-08 19:09:21,312 p=23632 u=esi n=ansible | ok: [host-1]
2023-11-08 19:09:21,321 p=23632 u=esi n=ansible | TASK [haproxy : Copy the HAProyx Config files 2] ****************************************************************************************************************************
2023-11-08 19:09:28,124 p=23632 u=esi n=ansible | ok: [host-1]
2023-11-08 19:09:28,134 p=23632 u=esi n=ansible | TASK [haproxy : Start the HAProxy Service] **********************************************************************************************************************************
2023-11-08 19:09:34,456 p=23632 u=esi n=ansible | ok: [host-1]
2023-11-08 19:09:34,508 p=23632 u=esi n=ansible | PLAY RECAP ******************************************************************************************************************************************************************
2023-11-08 19:09:34,508 p=23632 u=esi n=ansible | host-1                     : ok=6    changed=1    unreachable=0    failed=0    skipped=0    rescued=0    ignored=0   
2023-11-08 19:32:35,133 p=25405 u=esi n=ansible | PLAY [load balancing] *******************************************************************************************************************************************************
2023-11-08 19:32:35,142 p=25405 u=esi n=ansible | TASK [Gathering Facts] ******************************************************************************************************************************************************
2023-11-08 19:32:49,796 p=25405 u=esi n=ansible | ok: [host-1]
2023-11-08 19:32:49,821 p=25405 u=esi n=ansible | TASK [haproxy : Update Cache] ***********************************************************************************************************************************************
2023-11-08 19:33:09,880 p=25405 u=esi n=ansible | changed: [host-1]
2023-11-08 19:33:09,905 p=25405 u=esi n=ansible | TASK [haproxy : Installing Haproxy] *****************************************************************************************************************************************
2023-11-08 19:33:26,519 p=25405 u=esi n=ansible | ok: [host-1]
2023-11-08 19:33:26,530 p=25405 u=esi n=ansible | TASK [haproxy : Copy the HAProyx Config files 1] ****************************************************************************************************************************
2023-11-08 19:33:41,909 p=25405 u=esi n=ansible | changed: [host-1]
2023-11-08 19:33:41,918 p=25405 u=esi n=ansible | TASK [haproxy : Start the HAProxy Service] **********************************************************************************************************************************
2023-11-08 19:33:58,065 p=25405 u=esi n=ansible | ok: [host-1]
2023-11-08 19:33:58,107 p=25405 u=esi n=ansible | PLAY RECAP ******************************************************************************************************************************************************************
2023-11-08 19:33:58,107 p=25405 u=esi n=ansible | host-1                     : ok=5    changed=2    unreachable=0    failed=0    skipped=0    rescued=0    ignored=0   
2023-11-08 19:58:37,175 p=26286 u=esi n=ansible | PLAY [load balancing] *******************************************************************************************************************************************************
2023-11-08 19:58:37,183 p=26286 u=esi n=ansible | TASK [Gathering Facts] ******************************************************************************************************************************************************
2023-11-08 19:58:48,643 p=26286 u=esi n=ansible | ok: [host-1]
2023-11-08 19:58:48,664 p=26286 u=esi n=ansible | TASK [haproxy : Update Cache] ***********************************************************************************************************************************************
2023-11-08 19:59:05,834 p=26286 u=esi n=ansible | changed: [host-1]
2023-11-08 19:59:05,843 p=26286 u=esi n=ansible | TASK [haproxy : Installing Haproxy] *****************************************************************************************************************************************
2023-11-08 19:59:11,979 p=26286 u=esi n=ansible | ok: [host-1]
2023-11-08 19:59:11,987 p=26286 u=esi n=ansible | TASK [haproxy : Copy the HAProyx Config files 1] ****************************************************************************************************************************
2023-11-08 19:59:22,149 p=26286 u=esi n=ansible | changed: [host-1]
2023-11-08 19:59:22,253 p=26286 u=esi n=ansible | TASK [haproxy : Start the HAProxy Service] **********************************************************************************************************************************
2023-11-08 19:59:29,670 p=26286 u=esi n=ansible | fatal: [host-1]: FAILED! => {"changed": false, "msg": "Unable to start service haproxy: Job for haproxy.service failed because the control process exited with error code.\nSee \"systemctl status haproxy.service\" and \"journalctl -xeu haproxy.service\" for details.\n"}
2023-11-08 19:59:29,672 p=26286 u=esi n=ansible | PLAY RECAP ******************************************************************************************************************************************************************
2023-11-08 19:59:29,672 p=26286 u=esi n=ansible | host-1                     : ok=4    changed=2    unreachable=0    failed=1    skipped=0    rescued=0    ignored=0   
2023-11-08 20:17:42,988 p=26658 u=esi n=ansible | PLAY [load balancing] *******************************************************************************************************************************************************
2023-11-08 20:17:42,997 p=26658 u=esi n=ansible | TASK [Gathering Facts] ******************************************************************************************************************************************************
2023-11-08 20:17:53,516 p=26658 u=esi n=ansible | ok: [host-1]
2023-11-08 20:17:53,538 p=26658 u=esi n=ansible | TASK [haproxy : Update Cache] ***********************************************************************************************************************************************
2023-11-08 20:18:00,466 p=26658 u=esi n=ansible | changed: [host-1]
2023-11-08 20:18:00,477 p=26658 u=esi n=ansible | TASK [haproxy : Installing Haproxy] *****************************************************************************************************************************************
2023-11-08 20:18:06,510 p=26658 u=esi n=ansible | ok: [host-1]
2023-11-08 20:18:06,519 p=26658 u=esi n=ansible | TASK [haproxy : Copy the HAProyx Config files 1] ****************************************************************************************************************************
2023-11-08 20:18:07,576 p=26658 u=esi n=ansible | An exception occurred during task execution. To see the full traceback, use -vvv. The error was: ansible.errors.AnsibleUndefinedVariable: 'enumerate' is undefined. 'enumerate' is undefined
2023-11-08 20:18:07,577 p=26658 u=esi n=ansible | fatal: [host-1]: FAILED! => {"changed": false, "msg": "AnsibleUndefinedVariable: 'enumerate' is undefined. 'enumerate' is undefined"}
2023-11-08 20:18:07,578 p=26658 u=esi n=ansible | PLAY RECAP ******************************************************************************************************************************************************************
2023-11-08 20:18:07,578 p=26658 u=esi n=ansible | host-1                     : ok=3    changed=1    unreachable=0    failed=1    skipped=0    rescued=0    ignored=0   
2023-11-08 20:18:34,651 p=26705 u=esi n=ansible | PLAY [load balancing] *******************************************************************************************************************************************************
2023-11-08 20:18:34,664 p=26705 u=esi n=ansible | TASK [Gathering Facts] ******************************************************************************************************************************************************
2023-11-08 20:18:42,881 p=26705 u=esi n=ansible | ok: [host-1]
2023-11-08 20:18:42,903 p=26705 u=esi n=ansible | TASK [haproxy : Update Cache] ***********************************************************************************************************************************************
2023-11-08 20:18:49,881 p=26705 u=esi n=ansible | changed: [host-1]
2023-11-08 20:18:49,895 p=26705 u=esi n=ansible | TASK [haproxy : Installing Haproxy] *****************************************************************************************************************************************
2023-11-08 20:18:55,457 p=26705 u=esi n=ansible | ok: [host-1]
2023-11-08 20:18:55,467 p=26705 u=esi n=ansible | TASK [haproxy : Copy the HAProyx Config files 1] ****************************************************************************************************************************
2023-11-08 20:18:56,279 p=26705 u=esi n=ansible | An exception occurred during task execution. To see the full traceback, use -vvv. The error was: ): cannot unpack non-iterable int object. cannot unpack non-iterable int object
2023-11-08 20:18:56,280 p=26705 u=esi n=ansible | fatal: [host-1]: FAILED! => {"changed": false, "msg": "AnsibleError: Unexpected templating type error occurred on (global\n    maxconn 4096\n    user haproxy\n    group haproxy\n\ndefaults\n    timeout connect 5000ms\n    timeout client 50000ms\n    timeout server 50000ms\n    mode http\n\nfrontend http-in\n    bind *:80\n    default_backend wordpress-backend\n\nbackend wordpress-backend\n    balance roundrobin \n{% for index, port in backend_port %}\n    server {{ backend_hostname }}-{{ index + 1 }} {{ backend_ip_address }}:{{ port }} check \n{% endfor %}\n\n): cannot unpack non-iterable int object. cannot unpack non-iterable int object"}
2023-11-08 20:18:56,282 p=26705 u=esi n=ansible | PLAY RECAP ******************************************************************************************************************************************************************
2023-11-08 20:18:56,282 p=26705 u=esi n=ansible | host-1                     : ok=3    changed=1    unreachable=0    failed=1    skipped=0    rescued=0    ignored=0   
2023-11-08 20:19:47,259 p=26749 u=esi n=ansible | PLAY [load balancing] *******************************************************************************************************************************************************
2023-11-08 20:19:47,271 p=26749 u=esi n=ansible | TASK [Gathering Facts] ******************************************************************************************************************************************************
2023-11-08 20:19:54,832 p=26749 u=esi n=ansible | ok: [host-1]
2023-11-08 20:19:54,860 p=26749 u=esi n=ansible | TASK [haproxy : Update Cache] ***********************************************************************************************************************************************
2023-11-08 20:20:01,610 p=26749 u=esi n=ansible | changed: [host-1]
2023-11-08 20:20:01,620 p=26749 u=esi n=ansible | TASK [haproxy : Installing Haproxy] *****************************************************************************************************************************************
2023-11-08 20:20:08,061 p=26749 u=esi n=ansible | ok: [host-1]
2023-11-08 20:20:08,070 p=26749 u=esi n=ansible | TASK [haproxy : Copy the HAProyx Config files 1] ****************************************************************************************************************************
2023-11-08 20:20:09,087 p=26749 u=esi n=ansible | An exception occurred during task execution. To see the full traceback, use -vvv. The error was: . expected token 'in', got '='
2023-11-08 20:20:09,087 p=26749 u=esi n=ansible | fatal: [host-1]: FAILED! => {"changed": false, "msg": "AnsibleError: template error while templating string: expected token 'in', got '='. String: global\n    maxconn 4096\n    user haproxy\n    group haproxy\n\ndefaults\n    timeout connect 5000ms\n    timeout client 50000ms\n    timeout server 50000ms\n    mode http\n\nfrontend http-in\n    bind *:80\n    default_backend wordpress-backend\n\nbackend wordpress-backend\n    balance roundrobin \n{% for index=0, port in backend_port %}\n    server {{ backend_hostname }}-{{ index + 1 }} {{ backend_ip_address }}:{{ port }} check \n{% endfor %}\n\n. expected token 'in', got '='"}
2023-11-08 20:20:09,089 p=26749 u=esi n=ansible | PLAY RECAP ******************************************************************************************************************************************************************
2023-11-08 20:20:09,089 p=26749 u=esi n=ansible | host-1                     : ok=3    changed=1    unreachable=0    failed=1    skipped=0    rescued=0    ignored=0   
2023-11-08 20:23:09,017 p=26849 u=esi n=ansible | PLAY [load balancing] *******************************************************************************************************************************************************
2023-11-08 20:23:09,025 p=26849 u=esi n=ansible | TASK [Gathering Facts] ******************************************************************************************************************************************************
2023-11-08 20:23:30,126 p=26849 u=esi n=ansible | ok: [host-1]
2023-11-08 20:23:30,148 p=26849 u=esi n=ansible | TASK [haproxy : Update Cache] ***********************************************************************************************************************************************
2023-11-08 20:23:39,021 p=26849 u=esi n=ansible | changed: [host-1]
2023-11-08 20:23:39,031 p=26849 u=esi n=ansible | TASK [haproxy : Installing Haproxy] *****************************************************************************************************************************************
2023-11-08 20:23:47,726 p=26849 u=esi n=ansible | ok: [host-1]
2023-11-08 20:23:47,734 p=26849 u=esi n=ansible | TASK [haproxy : Copy the HAProyx Config files 1] ****************************************************************************************************************************
2023-11-08 20:23:48,648 p=26849 u=esi n=ansible | An exception occurred during task execution. To see the full traceback, use -vvv. The error was: ): unsupported operand type(s) for -: 'list' and 'int'. unsupported operand type(s) for -: 'list' and 'int'
2023-11-08 20:23:48,648 p=26849 u=esi n=ansible | fatal: [host-1]: FAILED! => {"changed": false, "msg": "AnsibleError: Unexpected templating type error occurred on (global\n    maxconn 4096\n    user haproxy\n    group haproxy\n\ndefaults\n    timeout connect 5000ms\n    timeout client 50000ms\n    timeout server 50000ms\n    mode http\n\nfrontend http-in\n    bind *:80\n    default_backend wordpress-backend\n\nbackend wordpress-backend\n    balance roundrobin \n{% for port in backend_port %}\n    server {{ backend_hostname }}-{{ backend_port - 8000 }} {{ backend_ip_address }}:{{ port }} check \n{% endfor %}\n\n): unsupported operand type(s) for -: 'list' and 'int'. unsupported operand type(s) for -: 'list' and 'int'"}
2023-11-08 20:23:48,650 p=26849 u=esi n=ansible | PLAY RECAP ******************************************************************************************************************************************************************
2023-11-08 20:23:48,650 p=26849 u=esi n=ansible | host-1                     : ok=3    changed=1    unreachable=0    failed=1    skipped=0    rescued=0    ignored=0   
2023-11-08 20:27:25,337 p=27052 u=esi n=ansible | PLAY [load balancing] *******************************************************************************************************************************************************
2023-11-08 20:27:25,346 p=27052 u=esi n=ansible | TASK [Gathering Facts] ******************************************************************************************************************************************************
2023-11-08 20:27:38,680 p=27052 u=esi n=ansible | ok: [host-1]
2023-11-08 20:27:38,714 p=27052 u=esi n=ansible | TASK [haproxy : Update Cache] ***********************************************************************************************************************************************
2023-11-08 20:27:51,293 p=27052 u=esi n=ansible | changed: [host-1]
2023-11-08 20:27:51,300 p=27052 u=esi n=ansible | TASK [haproxy : Installing Haproxy] *****************************************************************************************************************************************
2023-11-08 20:28:02,809 p=27052 u=esi n=ansible | ok: [host-1]
2023-11-08 20:28:02,817 p=27052 u=esi n=ansible | TASK [haproxy : Copy the HAProyx Config files 1] ****************************************************************************************************************************
2023-11-08 20:28:26,541 p=27052 u=esi n=ansible | changed: [host-1]
2023-11-08 20:28:26,549 p=27052 u=esi n=ansible | TASK [haproxy : Start the HAProxy Service] **********************************************************************************************************************************
2023-11-08 20:28:41,838 p=27052 u=esi n=ansible | changed: [host-1]
2023-11-08 20:28:41,896 p=27052 u=esi n=ansible | PLAY RECAP ******************************************************************************************************************************************************************
2023-11-08 20:28:41,896 p=27052 u=esi n=ansible | host-1                     : ok=5    changed=3    unreachable=0    failed=0    skipped=0    rescued=0    ignored=0   
2023-11-08 20:55:32,979 p=28004 u=esi n=ansible | PLAY [load balancing] *******************************************************************************************************************************************************
2023-11-08 20:55:32,987 p=28004 u=esi n=ansible | TASK [Gathering Facts] ******************************************************************************************************************************************************
2023-11-08 20:55:42,846 p=28004 u=esi n=ansible | ok: [host-1]
2023-11-08 20:55:42,868 p=28004 u=esi n=ansible | TASK [haproxy : Update Cache] ***********************************************************************************************************************************************
2023-11-08 20:55:58,968 p=28004 u=esi n=ansible | changed: [host-1]
2023-11-08 20:55:58,978 p=28004 u=esi n=ansible | TASK [haproxy : Installing Haproxy] *****************************************************************************************************************************************
2023-11-08 20:56:04,395 p=28004 u=esi n=ansible | ok: [host-1]
2023-11-08 20:56:04,403 p=28004 u=esi n=ansible | TASK [haproxy : Copy the HAProyx Config files 1] ****************************************************************************************************************************
2023-11-08 20:56:13,506 p=28004 u=esi n=ansible | changed: [host-1]
2023-11-08 20:56:13,514 p=28004 u=esi n=ansible | TASK [haproxy : Start the HAProxy Service] **********************************************************************************************************************************
2023-11-08 20:56:20,162 p=28004 u=esi n=ansible | ok: [host-1]
2023-11-08 20:56:20,201 p=28004 u=esi n=ansible | PLAY RECAP ******************************************************************************************************************************************************************
2023-11-08 20:56:20,201 p=28004 u=esi n=ansible | host-1                     : ok=5    changed=2    unreachable=0    failed=0    skipped=0    rescued=0    ignored=0   
2023-11-08 20:57:11,879 p=28099 u=esi n=ansible | PLAY [load balancing] *******************************************************************************************************************************************************
2023-11-08 20:57:11,888 p=28099 u=esi n=ansible | TASK [Gathering Facts] ******************************************************************************************************************************************************
2023-11-08 20:57:19,764 p=28099 u=esi n=ansible | ok: [host-1]
2023-11-08 20:57:19,795 p=28099 u=esi n=ansible | TASK [haproxy : Update Cache] ***********************************************************************************************************************************************
2023-11-08 20:57:26,914 p=28099 u=esi n=ansible | changed: [host-1]
2023-11-08 20:57:26,930 p=28099 u=esi n=ansible | TASK [haproxy : Installing Haproxy] *****************************************************************************************************************************************
2023-11-08 20:57:32,444 p=28099 u=esi n=ansible | ok: [host-1]
2023-11-08 20:57:32,452 p=28099 u=esi n=ansible | TASK [haproxy : Copy the HAProyx Config files 1] ****************************************************************************************************************************
2023-11-08 20:57:41,906 p=28099 u=esi n=ansible | changed: [host-1]
2023-11-08 20:57:41,915 p=28099 u=esi n=ansible | TASK [haproxy : Start the HAProxy Service] **********************************************************************************************************************************
2023-11-08 20:57:48,315 p=28099 u=esi n=ansible | ok: [host-1]
2023-11-08 20:57:48,357 p=28099 u=esi n=ansible | PLAY RECAP ******************************************************************************************************************************************************************
2023-11-08 20:57:48,357 p=28099 u=esi n=ansible | host-1                     : ok=5    changed=2    unreachable=0    failed=0    skipped=0    rescued=0    ignored=0   
