2023-10-21 18:35:50,347 p=29979 u=esi n=ansible | ERROR! the role 'tasks' was not found in /home/esi/Git/Self-DevOps-BootCamp-1/Task-1/ansible/initial-server/playbooks/roles:/home/esi/Git/Self-DevOps-BootCamp-1/Task-1/ansible/initial-server/roles/tasks/main.yml:/home/esi/Git/Self-DevOps-BootCamp-1/Task-1/ansible/initial-server/playbooks

The error appears to be in '/home/esi/Git/Self-DevOps-BootCamp-1/Task-1/ansible/initial-server/playbooks/playbook.yml': line 5, column 7, but may
be elsewhere in the file depending on the exact syntax problem.

The offending line appears to be:

  roles:
    - tasks
      ^ here

2023-10-21 18:37:29,179 p=30014 u=esi n=ansible | ERROR! the role 'tasks' was not found in /home/esi/Git/Self-DevOps-BootCamp-1/Task-1/ansible/initial-server/playbooks/roles:/home/esi/Git/Self-DevOps-BootCamp-1/Task-1/ansible/initial-server/roles/tasks/main.yml:/home/esi/Git/Self-DevOps-BootCamp-1/Task-1/ansible/initial-server/playbooks

The error appears to be in '/home/esi/Git/Self-DevOps-BootCamp-1/Task-1/ansible/initial-server/playbooks/playbook.yml': line 5, column 7, but may
be elsewhere in the file depending on the exact syntax problem.

The offending line appears to be:

  roles:
    - tasks
      ^ here

2023-10-21 18:47:43,860 p=30428 u=esi n=ansible | ERROR! the role 'tasks' was not found in /home/esi/Git/Self-DevOps-BootCamp-1/Task-1/ansible/initial-server/playbooks/roles:/home/esi/Git/Self-DevOps-BootCamp-1/Task-1/ansible/initial-server/roles/tasks/main.yml:/home/esi/Git/Self-DevOps-BootCamp-1/Task-1/ansible/initial-server/playbooks

The error appears to be in '/home/esi/Git/Self-DevOps-BootCamp-1/Task-1/ansible/initial-server/playbooks/playbook.yml': line 5, column 7, but may
be elsewhere in the file depending on the exact syntax problem.

The offending line appears to be:

  roles:
    - tasks
      ^ here

2023-10-21 18:48:20,573 p=30451 u=esi n=ansible | ERROR! the role 'default' was not found in /home/esi/Git/Self-DevOps-BootCamp-1/Task-1/ansible/initial-server/playbooks/roles:/home/esi/Git/Self-DevOps-BootCamp-1/Task-1/ansible/initial-server/roles/tasks/main.yml:/home/esi/Git/Self-DevOps-BootCamp-1/Task-1/ansible/initial-server/playbooks

The error appears to be in '/home/esi/Git/Self-DevOps-BootCamp-1/Task-1/ansible/initial-server/playbooks/playbook.yml': line 5, column 7, but may
be elsewhere in the file depending on the exact syntax problem.

The offending line appears to be:

  roles:
    - default
      ^ here

2023-10-21 18:50:15,657 p=30532 u=esi n=ansible | PLAY [host initializing] ****************************************************************************************************************************************************
2023-10-21 18:50:15,666 p=30532 u=esi n=ansible | TASK [Gathering Facts] ******************************************************************************************************************************************************
2023-10-21 18:50:16,849 p=30532 u=esi n=ansible | fatal: [host-1]: UNREACHABLE! => {"changed": false, "msg": "Failed to connect to the host via ssh: root@142.93.234.0: Permission denied (publickey,password).", "unreachable": true}
2023-10-21 18:50:16,856 p=30532 u=esi n=ansible | fatal: [host-2]: UNREACHABLE! => {"changed": false, "msg": "Failed to connect to the host via ssh: root@167.172.44.1: Permission denied (publickey,password).", "unreachable": true}
2023-10-21 18:50:16,857 p=30532 u=esi n=ansible | PLAY RECAP ******************************************************************************************************************************************************************
2023-10-21 18:50:16,857 p=30532 u=esi n=ansible | host-1                     : ok=0    changed=0    unreachable=1    failed=0    skipped=0    rescued=0    ignored=0   
2023-10-21 18:50:16,857 p=30532 u=esi n=ansible | host-2                     : ok=0    changed=0    unreachable=1    failed=0    skipped=0    rescued=0    ignored=0   
2023-10-21 18:56:44,545 p=30912 u=esi n=ansible | PLAY [host initializing] ****************************************************************************************************************************************************
2023-10-21 18:56:44,554 p=30912 u=esi n=ansible | TASK [Gathering Facts] ******************************************************************************************************************************************************
2023-10-21 18:56:45,613 p=30912 u=esi n=ansible | fatal: [host-1]: UNREACHABLE! => {"changed": false, "msg": "Failed to connect to the host via ssh: Warning: Permanently added '165.232.86.48' (ED25519) to the list of known hosts.\r\nroot@165.232.86.48: Permission denied (publickey,password).", "unreachable": true}
2023-10-21 18:56:45,674 p=30912 u=esi n=ansible | fatal: [host-2]: UNREACHABLE! => {"changed": false, "msg": "Failed to connect to the host via ssh: Warning: Permanently added '157.245.77.36' (ED25519) to the list of known hosts.\r\nroot@157.245.77.36: Permission denied (publickey,password).", "unreachable": true}
2023-10-21 18:56:45,676 p=30912 u=esi n=ansible | PLAY RECAP ******************************************************************************************************************************************************************
2023-10-21 18:56:45,676 p=30912 u=esi n=ansible | host-1                     : ok=0    changed=0    unreachable=1    failed=0    skipped=0    rescued=0    ignored=0   
2023-10-21 18:56:45,676 p=30912 u=esi n=ansible | host-2                     : ok=0    changed=0    unreachable=1    failed=0    skipped=0    rescued=0    ignored=0   
2023-10-21 18:57:13,037 p=30925 u=esi n=ansible | PLAY [host initializing] ****************************************************************************************************************************************************
2023-10-21 18:57:13,047 p=30925 u=esi n=ansible | TASK [Gathering Facts] ******************************************************************************************************************************************************
2023-10-21 18:57:24,647 p=30925 u=esi n=ansible | ok: [host-1]
2023-10-21 18:57:26,962 p=30925 u=esi n=ansible | ok: [host-2]
2023-10-21 18:57:26,998 p=30925 u=esi n=ansible | TASK [default : Upgrade the OS] *********************************************************************************************************************************************
2023-10-21 18:59:39,713 p=30925 u=esi n=ansible | changed: [host-1]
2023-10-21 19:00:11,697 p=30925 u=esi n=ansible | changed: [host-2]
2023-10-21 19:00:11,704 p=30925 u=esi n=ansible | TASK [default : Install aptitude] *******************************************************************************************************************************************
2023-10-21 19:00:40,433 p=30925 u=esi n=ansible | changed: [host-1]
2023-10-21 19:00:44,919 p=30925 u=esi n=ansible | changed: [host-2]
2023-10-21 19:00:44,928 p=30925 u=esi n=ansible | TASK [default : Setup passwordless sudo] ************************************************************************************************************************************
2023-10-21 19:00:50,300 p=30925 u=esi n=ansible | changed: [host-2]
2023-10-21 19:00:50,381 p=30925 u=esi n=ansible | changed: [host-1]
2023-10-21 19:00:50,393 p=30925 u=esi n=ansible | TASK [default : Created a new regular user with sudo privileges] ************************************************************************************************************
2023-10-21 19:00:56,327 p=30925 u=esi n=ansible | changed: [host-2]
2023-10-21 19:00:57,046 p=30925 u=esi n=ansible | changed: [host-1]
2023-10-21 19:00:57,056 p=30925 u=esi n=ansible | TASK [default : Set authorized key for remote user] *************************************************************************************************************************
2023-10-21 19:01:03,319 p=30925 u=esi n=ansible | changed: [host-2]
2023-10-21 19:01:03,432 p=30925 u=esi n=ansible | changed: [host-1]
2023-10-21 19:01:03,442 p=30925 u=esi n=ansible | TASK [default : Disable password authentication for root] *******************************************************************************************************************
2023-10-21 19:01:08,492 p=30925 u=esi n=ansible | changed: [host-2]
2023-10-21 19:01:08,512 p=30925 u=esi n=ansible | changed: [host-1]
2023-10-21 19:01:08,526 p=30925 u=esi n=ansible | TASK [default : Update apt and install sth] *********************************************************************************************************************************
2023-10-21 19:01:22,842 p=30925 u=esi n=ansible | ok: [host-1]
2023-10-21 19:01:24,344 p=30925 u=esi n=ansible | ok: [host-2]
2023-10-21 19:01:24,364 p=30925 u=esi n=ansible | TASK [default : Unconditionally reboot the machine with all defaults] *******************************************************************************************************
2023-10-21 19:08:03,309 p=31838 u=esi n=ansible |   hosts (2):
2023-10-21 19:08:03,309 p=31838 u=esi n=ansible |     host-1
2023-10-21 19:08:03,309 p=31838 u=esi n=ansible |     host-2
2023-10-21 19:09:13,810 p=30925 u=esi n=ansible |  [ERROR]: User interrupted execution

2023-10-23 12:36:48,882 p=10744 u=esi n=ansible | PLAY [host initializing] ****************************************************************************************************************************************************
2023-10-23 12:36:48,909 p=10744 u=esi n=ansible | TASK [Gathering Facts] ******************************************************************************************************************************************************
2023-10-23 12:37:00,166 p=10744 u=esi n=ansible | ok: [host-1]
2023-10-23 12:37:02,320 p=10744 u=esi n=ansible | ok: [host-2]
2023-10-23 12:37:02,355 p=10744 u=esi n=ansible | TASK [default : Upgrade the OS] *********************************************************************************************************************************************
2023-10-23 12:39:05,783 p=10744 u=esi n=ansible | changed: [host-2]
2023-10-23 12:39:09,501 p=10744 u=esi n=ansible | changed: [host-1]
2023-10-23 12:39:09,519 p=10744 u=esi n=ansible | TASK [default : Unconditionally reboot the machine with all defaults] *******************************************************************************************************
2023-10-23 12:40:04,859 p=10744 u=esi n=ansible | changed: [host-1]
2023-10-23 12:40:05,611 p=10744 u=esi n=ansible | changed: [host-2]
2023-10-23 12:40:05,619 p=10744 u=esi n=ansible | TASK [default : Install aptitude] *******************************************************************************************************************************************
2023-10-23 12:40:30,830 p=10744 u=esi n=ansible | changed: [host-1]
2023-10-23 12:40:31,852 p=10744 u=esi n=ansible | changed: [host-2]
2023-10-23 12:40:31,860 p=10744 u=esi n=ansible | TASK [default : Setup passwordless sudo] ************************************************************************************************************************************
2023-10-23 12:40:37,080 p=10744 u=esi n=ansible | changed: [host-2]
2023-10-23 12:40:37,284 p=10744 u=esi n=ansible | changed: [host-1]
2023-10-23 12:40:37,293 p=10744 u=esi n=ansible | TASK [default : Created a new regular user with sudo privileges] ************************************************************************************************************
2023-10-23 12:40:43,518 p=10744 u=esi n=ansible | changed: [host-2]
2023-10-23 12:40:44,130 p=10744 u=esi n=ansible | changed: [host-1]
2023-10-23 12:40:44,137 p=10744 u=esi n=ansible | TASK [default : Set authorized key for remote user] *************************************************************************************************************************
2023-10-23 12:40:49,974 p=10744 u=esi n=ansible | changed: [host-2]
2023-10-23 12:40:50,337 p=10744 u=esi n=ansible | changed: [host-1]
2023-10-23 12:40:50,348 p=10744 u=esi n=ansible | TASK [default : Disable password authentication for root] *******************************************************************************************************************
2023-10-23 12:40:55,397 p=10744 u=esi n=ansible | changed: [host-2]
2023-10-23 12:40:55,655 p=10744 u=esi n=ansible | changed: [host-1]
2023-10-23 12:40:55,665 p=10744 u=esi n=ansible | TASK [default : Update apt and install sth] *********************************************************************************************************************************
2023-10-23 12:41:10,032 p=10744 u=esi n=ansible | ok: [host-1]
2023-10-23 12:41:20,303 p=10744 u=esi n=ansible | ok: [host-2]
2023-10-23 12:41:20,370 p=10744 u=esi n=ansible | PLAY RECAP ******************************************************************************************************************************************************************
2023-10-23 12:41:20,370 p=10744 u=esi n=ansible | host-1                     : ok=9    changed=7    unreachable=0    failed=0    skipped=0    rescued=0    ignored=0   
2023-10-23 12:41:20,370 p=10744 u=esi n=ansible | host-2                     : ok=9    changed=7    unreachable=0    failed=0    skipped=0    rescued=0    ignored=0   
2023-10-24 10:48:14,126 p=8650 u=esi n=ansible | PLAY [host initializing] ****************************************************************************************************************************************************
2023-10-24 10:48:14,135 p=8650 u=esi n=ansible | TASK [Gathering Facts] ******************************************************************************************************************************************************
2023-10-24 10:48:15,208 p=8650 u=esi n=ansible | fatal: [host-1]: UNREACHABLE! => {"changed": false, "msg": "Failed to connect to the host via ssh: Warning: Permanently added '104.248.87.8' (ED25519) to the list of known hosts.\r\nroot@104.248.87.8: Permission denied (publickey,password).", "unreachable": true}
2023-10-24 10:48:15,209 p=8650 u=esi n=ansible | PLAY RECAP ******************************************************************************************************************************************************************
2023-10-24 10:48:15,209 p=8650 u=esi n=ansible | host-1                     : ok=0    changed=0    unreachable=1    failed=0    skipped=0    rescued=0    ignored=0   
2023-10-24 10:49:01,657 p=8661 u=esi n=ansible | PLAY [host initializing] ****************************************************************************************************************************************************
2023-10-24 10:49:01,666 p=8661 u=esi n=ansible | TASK [Gathering Facts] ******************************************************************************************************************************************************
2023-10-24 10:49:10,657 p=8661 u=esi n=ansible | ok: [host-1]
2023-10-24 10:49:10,676 p=8661 u=esi n=ansible | TASK [default : Upgrade the OS] *********************************************************************************************************************************************
2023-10-24 10:50:54,565 p=8661 u=esi n=ansible | changed: [host-1]
2023-10-24 10:50:54,578 p=8661 u=esi n=ansible | TASK [default : Unconditionally reboot the machine with all defaults] *******************************************************************************************************
2023-10-24 10:51:38,746 p=8661 u=esi n=ansible | changed: [host-1]
2023-10-24 10:51:38,753 p=8661 u=esi n=ansible | TASK [default : Install aptitude] *******************************************************************************************************************************************
2023-10-24 10:52:00,874 p=8661 u=esi n=ansible | changed: [host-1]
2023-10-24 10:52:00,882 p=8661 u=esi n=ansible | TASK [default : Setup passwordless sudo] ************************************************************************************************************************************
2023-10-24 10:52:04,644 p=8661 u=esi n=ansible | changed: [host-1]
2023-10-24 10:52:04,656 p=8661 u=esi n=ansible | TASK [default : Created a new regular user with sudo privileges] ************************************************************************************************************
2023-10-24 10:52:08,714 p=8661 u=esi n=ansible | changed: [host-1]
2023-10-24 10:52:08,721 p=8661 u=esi n=ansible | TASK [default : Set authorized key for remote user] *************************************************************************************************************************
2023-10-24 10:52:12,986 p=8661 u=esi n=ansible | changed: [host-1]
2023-10-24 10:52:12,994 p=8661 u=esi n=ansible | TASK [default : Disable password authentication for root] *******************************************************************************************************************
2023-10-24 10:52:16,984 p=8661 u=esi n=ansible | changed: [host-1]
2023-10-24 10:52:16,992 p=8661 u=esi n=ansible | TASK [default : Update apt and install sth] *********************************************************************************************************************************
2023-10-24 10:52:30,006 p=8661 u=esi n=ansible | ok: [host-1]
2023-10-24 10:52:30,043 p=8661 u=esi n=ansible | PLAY RECAP ******************************************************************************************************************************************************************
2023-10-24 10:52:30,044 p=8661 u=esi n=ansible | host-1                     : ok=9    changed=7    unreachable=0    failed=0    skipped=0    rescued=0    ignored=0   
2023-11-06 10:44:07,741 p=7495 u=esi n=ansible |   hosts (2):
2023-11-06 10:44:07,741 p=7495 u=esi n=ansible |     host-1
2023-11-06 10:44:07,741 p=7495 u=esi n=ansible |     host-2
2023-11-06 10:44:49,656 p=7547 u=esi n=ansible | PLAY [host initializing] ****************************************************************************************************************************************************
2023-11-06 10:44:49,670 p=7547 u=esi n=ansible | TASK [Gathering Facts] ******************************************************************************************************************************************************
2023-11-06 10:45:05,247 p=7547 u=esi n=ansible | ok: [host-1]
2023-11-06 10:45:13,588 p=7547 u=esi n=ansible | ok: [host-2]
2023-11-06 10:45:13,619 p=7547 u=esi n=ansible | TASK [default : Upgrade the OS] *********************************************************************************************************************************************
2023-11-06 10:47:06,437 p=7547 u=esi n=ansible | changed: [host-1]
2023-11-06 10:48:51,101 p=7547 u=esi n=ansible | changed: [host-2]
2023-11-06 10:48:51,113 p=7547 u=esi n=ansible | TASK [default : Unconditionally reboot the machine with all defaults] *******************************************************************************************************
2023-11-06 10:49:38,714 p=7547 u=esi n=ansible | changed: [host-1]
2023-11-06 10:49:44,457 p=7547 u=esi n=ansible | changed: [host-2]
2023-11-06 10:49:44,468 p=7547 u=esi n=ansible | TASK [default : Install aptitude] *******************************************************************************************************************************************
2023-11-06 10:50:09,741 p=7547 u=esi n=ansible | changed: [host-1]
2023-11-06 10:50:19,840 p=7547 u=esi n=ansible | changed: [host-2]
2023-11-06 10:50:19,848 p=7547 u=esi n=ansible | TASK [default : Setup passwordless sudo] ************************************************************************************************************************************
2023-11-06 10:50:24,357 p=7547 u=esi n=ansible | changed: [host-1]
2023-11-06 10:50:25,161 p=7547 u=esi n=ansible | changed: [host-2]
2023-11-06 10:50:25,168 p=7547 u=esi n=ansible | TASK [default : Created a new regular user with sudo privileges] ************************************************************************************************************
2023-11-06 10:50:30,087 p=7547 u=esi n=ansible | changed: [host-1]
2023-11-06 10:50:31,456 p=7547 u=esi n=ansible | changed: [host-2]
2023-11-06 10:50:31,464 p=7547 u=esi n=ansible | TASK [default : Set authorized key for remote user] *************************************************************************************************************************
2023-11-06 10:50:36,815 p=7547 u=esi n=ansible | changed: [host-1]
2023-11-06 10:50:37,860 p=7547 u=esi n=ansible | changed: [host-2]
2023-11-06 10:50:37,869 p=7547 u=esi n=ansible | TASK [default : Disable password authentication for root] *******************************************************************************************************************
2023-11-06 10:50:42,393 p=7547 u=esi n=ansible | changed: [host-1]
2023-11-06 10:50:42,932 p=7547 u=esi n=ansible | changed: [host-2]
2023-11-06 10:50:42,939 p=7547 u=esi n=ansible | TASK [default : Update apt and install sth] *********************************************************************************************************************************
2023-11-06 10:50:56,559 p=7547 u=esi n=ansible | ok: [host-1]
2023-11-06 10:50:58,336 p=7547 u=esi n=ansible | ok: [host-2]
2023-11-06 10:50:58,400 p=7547 u=esi n=ansible | PLAY RECAP ******************************************************************************************************************************************************************
2023-11-06 10:50:58,400 p=7547 u=esi n=ansible | host-1                     : ok=9    changed=7    unreachable=0    failed=0    skipped=0    rescued=0    ignored=0   
2023-11-06 10:50:58,400 p=7547 u=esi n=ansible | host-2                     : ok=9    changed=7    unreachable=0    failed=0    skipped=0    rescued=0    ignored=0   
2023-11-06 21:20:01,945 p=26821 u=esi n=ansible | PLAY [host initializing] ****************************************************************************************************************************************************
2023-11-06 21:20:01,954 p=26821 u=esi n=ansible | TASK [Gathering Facts] ******************************************************************************************************************************************************
2023-11-06 21:20:14,095 p=26821 u=esi n=ansible | ok: [host-1]
2023-11-06 21:20:15,135 p=26821 u=esi n=ansible | ok: [host-2]
2023-11-06 21:20:15,169 p=26821 u=esi n=ansible | TASK [default : Upgrade the OS] *********************************************************************************************************************************************
2023-11-06 21:21:54,822 p=26821 u=esi n=ansible | changed: [host-2]
2023-11-06 21:23:17,099 p=26821 u=esi n=ansible | changed: [host-1]
2023-11-06 21:23:17,106 p=26821 u=esi n=ansible | TASK [default : Unconditionally reboot the machine with all defaults] *******************************************************************************************************
2023-11-06 21:24:01,850 p=26821 u=esi n=ansible | changed: [host-2]
2023-11-06 21:24:06,322 p=26821 u=esi n=ansible | changed: [host-1]
2023-11-06 21:24:06,332 p=26821 u=esi n=ansible | TASK [default : Install aptitude] *******************************************************************************************************************************************
2023-11-06 21:24:30,820 p=26821 u=esi n=ansible | changed: [host-2]
2023-11-06 21:24:38,843 p=26821 u=esi n=ansible | changed: [host-1]
2023-11-06 21:24:38,850 p=26821 u=esi n=ansible | TASK [default : Setup passwordless sudo] ************************************************************************************************************************************
2023-11-06 21:24:43,560 p=26821 u=esi n=ansible | changed: [host-2]
2023-11-06 21:24:44,000 p=26821 u=esi n=ansible | changed: [host-1]
2023-11-06 21:24:44,007 p=26821 u=esi n=ansible | TASK [default : Created a new regular user with sudo privileges] ************************************************************************************************************
2023-11-06 21:24:49,651 p=26821 u=esi n=ansible | changed: [host-2]
2023-11-06 21:24:49,709 p=26821 u=esi n=ansible | changed: [host-1]
2023-11-06 21:24:49,717 p=26821 u=esi n=ansible | TASK [default : Set authorized key for remote user] *************************************************************************************************************************
2023-11-06 21:24:55,158 p=26821 u=esi n=ansible | changed: [host-1]
2023-11-06 21:24:55,912 p=26821 u=esi n=ansible | changed: [host-2]
2023-11-06 21:24:55,921 p=26821 u=esi n=ansible | TASK [default : Disable password authentication for root] *******************************************************************************************************************
2023-11-06 21:25:00,337 p=26821 u=esi n=ansible | changed: [host-1]
2023-11-06 21:25:00,915 p=26821 u=esi n=ansible | changed: [host-2]
2023-11-06 21:25:00,924 p=26821 u=esi n=ansible | TASK [default : Update apt and install sth] *********************************************************************************************************************************
2023-11-06 21:25:15,327 p=26821 u=esi n=ansible | ok: [host-1]
2023-11-06 21:25:15,466 p=26821 u=esi n=ansible | ok: [host-2]
2023-11-06 21:25:15,542 p=26821 u=esi n=ansible | PLAY RECAP ******************************************************************************************************************************************************************
2023-11-06 21:25:15,543 p=26821 u=esi n=ansible | host-1                     : ok=9    changed=7    unreachable=0    failed=0    skipped=0    rescued=0    ignored=0   
2023-11-06 21:25:15,543 p=26821 u=esi n=ansible | host-2                     : ok=9    changed=7    unreachable=0    failed=0    skipped=0    rescued=0    ignored=0   
2023-11-08 16:10:29,046 p=19044 u=esi n=ansible | PLAY [host initializing] ****************************************************************************************************************************************************
2023-11-08 16:10:29,059 p=19044 u=esi n=ansible | TASK [Gathering Facts] ******************************************************************************************************************************************************
2023-11-08 16:10:44,739 p=19044 u=esi n=ansible | ok: [host-1]
2023-11-08 16:10:53,189 p=19044 u=esi n=ansible | ok: [host-2]
2023-11-08 16:10:53,251 p=19044 u=esi n=ansible | TASK [default : Upgrade the OS] *********************************************************************************************************************************************
2023-11-08 16:12:28,696 p=19044 u=esi n=ansible | changed: [host-2]
2023-11-08 16:12:28,929 p=19044 u=esi n=ansible | changed: [host-1]
2023-11-08 16:12:28,938 p=19044 u=esi n=ansible | TASK [default : Unconditionally reboot the machine with all defaults] *******************************************************************************************************
2023-11-08 16:13:15,380 p=19044 u=esi n=ansible | changed: [host-2]
2023-11-08 16:13:16,207 p=19044 u=esi n=ansible | changed: [host-1]
2023-11-08 16:13:16,217 p=19044 u=esi n=ansible | TASK [default : Install aptitude] *******************************************************************************************************************************************
2023-11-08 16:13:39,393 p=19044 u=esi n=ansible | changed: [host-1]
2023-11-08 16:13:39,735 p=19044 u=esi n=ansible | changed: [host-2]
2023-11-08 16:13:39,744 p=19044 u=esi n=ansible | TASK [default : Setup passwordless sudo] ************************************************************************************************************************************
2023-11-08 16:13:44,480 p=19044 u=esi n=ansible | changed: [host-1]
2023-11-08 16:13:45,541 p=19044 u=esi n=ansible | changed: [host-2]
2023-11-08 16:13:45,549 p=19044 u=esi n=ansible | TASK [default : Created a new regular user with sudo privileges] ************************************************************************************************************
2023-11-08 16:13:51,268 p=19044 u=esi n=ansible | changed: [host-2]
2023-11-08 16:13:51,983 p=19044 u=esi n=ansible | changed: [host-1]
2023-11-08 16:13:51,992 p=19044 u=esi n=ansible | TASK [default : Set authorized key for remote user] *************************************************************************************************************************
2023-11-08 16:13:58,128 p=19044 u=esi n=ansible | changed: [host-1]
2023-11-08 16:13:58,484 p=19044 u=esi n=ansible | changed: [host-2]
2023-11-08 16:13:58,492 p=19044 u=esi n=ansible | TASK [default : Disable password authentication for root] *******************************************************************************************************************
2023-11-08 16:14:03,291 p=19044 u=esi n=ansible | changed: [host-2]
2023-11-08 16:14:03,980 p=19044 u=esi n=ansible | changed: [host-1]
2023-11-08 16:14:03,988 p=19044 u=esi n=ansible | TASK [default : Update apt and install sth] *********************************************************************************************************************************
2023-11-08 16:14:17,472 p=19044 u=esi n=ansible | ok: [host-2]
2023-11-08 16:14:19,332 p=19044 u=esi n=ansible | ok: [host-1]
2023-11-08 16:14:19,404 p=19044 u=esi n=ansible | PLAY RECAP ******************************************************************************************************************************************************************
2023-11-08 16:14:19,404 p=19044 u=esi n=ansible | host-1                     : ok=9    changed=7    unreachable=0    failed=0    skipped=0    rescued=0    ignored=0   
2023-11-08 16:14:19,404 p=19044 u=esi n=ansible | host-2                     : ok=9    changed=7    unreachable=0    failed=0    skipped=0    rescued=0    ignored=0   
2023-11-27 13:41:38,836 p=7521 u=esi n=ansible | PLAY [host initializing] ****************************************************************************************************************************************************
2023-11-27 13:41:38,851 p=7521 u=esi n=ansible | TASK [Gathering Facts] ******************************************************************************************************************************************************
2023-11-27 13:41:51,215 p=7521 u=esi n=ansible | ok: [host-1]
2023-11-27 13:41:51,830 p=7521 u=esi n=ansible | ok: [host-2]
2023-11-27 13:41:51,864 p=7521 u=esi n=ansible | TASK [default : Upgrade the OS] *********************************************************************************************************************************************
2023-11-27 13:42:50,271 p=7521 u=esi n=ansible | fatal: [host-1]: UNREACHABLE! => {"changed": false, "msg": "Failed to connect to the host via ssh: Shared connection to 178.128.251.167 closed.", "unreachable": true}
2023-11-27 13:42:50,411 p=7521 u=esi n=ansible | fatal: [host-2]: UNREACHABLE! => {"changed": false, "msg": "Failed to connect to the host via ssh: Shared connection to 104.248.82.83 closed.", "unreachable": true}
2023-11-27 13:42:50,412 p=7521 u=esi n=ansible | PLAY RECAP ******************************************************************************************************************************************************************
2023-11-27 13:42:50,412 p=7521 u=esi n=ansible | host-1                     : ok=1    changed=0    unreachable=1    failed=0    skipped=0    rescued=0    ignored=0   
2023-11-27 13:42:50,412 p=7521 u=esi n=ansible | host-2                     : ok=1    changed=0    unreachable=1    failed=0    skipped=0    rescued=0    ignored=0   
2023-11-27 13:43:14,369 p=7610 u=esi n=ansible | PLAY [host initializing] ****************************************************************************************************************************************************
2023-11-27 13:43:14,378 p=7610 u=esi n=ansible | TASK [Gathering Facts] ******************************************************************************************************************************************************
2023-11-27 13:43:24,891 p=7610 u=esi n=ansible | ok: [host-2]
2023-11-27 13:43:25,412 p=7610 u=esi n=ansible | ok: [host-1]
2023-11-27 13:43:25,445 p=7610 u=esi n=ansible | TASK [default : Upgrade the OS] *********************************************************************************************************************************************
2023-11-27 13:43:43,574 p=7610 u=esi n=ansible | fatal: [host-2]: FAILED! => {"changed": false, "msg": "'/usr/bin/apt-get dist-upgrade ' failed: E: Could not get lock /var/lib/dpkg/lock-frontend. It is held by process 9188 (apt-get)\nE: Unable to acquire the dpkg frontend lock (/var/lib/dpkg/lock-frontend), is another process using it?\n", "rc": 100, "stdout": "", "stdout_lines": []}
2023-11-27 13:43:44,240 p=7610 u=esi n=ansible | fatal: [host-1]: FAILED! => {"changed": false, "msg": "'/usr/bin/apt-get dist-upgrade ' failed: E: Could not get lock /var/lib/dpkg/lock-frontend. It is held by process 9173 (apt-get)\nE: Unable to acquire the dpkg frontend lock (/var/lib/dpkg/lock-frontend), is another process using it?\n", "rc": 100, "stdout": "", "stdout_lines": []}
2023-11-27 13:43:44,242 p=7610 u=esi n=ansible | PLAY RECAP ******************************************************************************************************************************************************************
2023-11-27 13:43:44,242 p=7610 u=esi n=ansible | host-1                     : ok=1    changed=0    unreachable=0    failed=1    skipped=0    rescued=0    ignored=0   
2023-11-27 13:43:44,242 p=7610 u=esi n=ansible | host-2                     : ok=1    changed=0    unreachable=0    failed=1    skipped=0    rescued=0    ignored=0   
2023-11-27 13:44:08,614 p=7681 u=esi n=ansible |  [ERROR]: User interrupted execution

2023-11-27 13:45:27,215 p=7776 u=esi n=ansible | PLAY [host initializing] ****************************************************************************************************************************************************
2023-11-27 13:45:27,226 p=7776 u=esi n=ansible | TASK [Gathering Facts] ******************************************************************************************************************************************************
2023-11-27 13:45:38,937 p=7776 u=esi n=ansible | ok: [host-2]
2023-11-27 13:45:39,446 p=7776 u=esi n=ansible | ok: [host-1]
2023-11-27 13:45:39,477 p=7776 u=esi n=ansible | TASK [default : Upgrade the OS] *********************************************************************************************************************************************
2023-11-27 13:45:55,410 p=7776 u=esi n=ansible | ok: [host-1]
2023-11-27 13:45:55,702 p=7776 u=esi n=ansible | ok: [host-2]
2023-11-27 13:45:55,711 p=7776 u=esi n=ansible | TASK [default : Unconditionally reboot the machine with all defaults] *******************************************************************************************************
2023-11-27 13:46:47,525 p=7776 u=esi n=ansible | changed: [host-1]
2023-11-27 13:46:48,252 p=7776 u=esi n=ansible | changed: [host-2]
2023-11-27 13:46:48,260 p=7776 u=esi n=ansible | TASK [default : Install aptitude] *******************************************************************************************************************************************
2023-11-27 13:47:18,880 p=7776 u=esi n=ansible | changed: [host-2]
2023-11-27 13:47:19,909 p=7776 u=esi n=ansible | changed: [host-1]
2023-11-27 13:47:19,915 p=7776 u=esi n=ansible | TASK [default : Setup passwordless sudo] ************************************************************************************************************************************
2023-11-27 13:47:24,579 p=7776 u=esi n=ansible | changed: [host-2]
2023-11-27 13:47:25,015 p=7776 u=esi n=ansible | changed: [host-1]
2023-11-27 13:47:25,025 p=7776 u=esi n=ansible | TASK [default : Created a new regular user with sudo privileges] ************************************************************************************************************
2023-11-27 13:47:30,492 p=7776 u=esi n=ansible | changed: [host-2]
2023-11-27 13:47:30,889 p=7776 u=esi n=ansible | changed: [host-1]
2023-11-27 13:47:30,898 p=7776 u=esi n=ansible | TASK [default : Set authorized key for remote user] *************************************************************************************************************************
2023-11-27 13:47:36,906 p=7776 u=esi n=ansible | changed: [host-2]
2023-11-27 13:47:37,431 p=7776 u=esi n=ansible | changed: [host-1]
2023-11-27 13:47:37,440 p=7776 u=esi n=ansible | TASK [default : Disable password authentication for root] *******************************************************************************************************************
2023-11-27 13:47:44,104 p=7776 u=esi n=ansible | changed: [host-1]
2023-11-27 13:47:44,278 p=7776 u=esi n=ansible | changed: [host-2]
2023-11-27 13:47:44,286 p=7776 u=esi n=ansible | TASK [default : Update apt and install sth] *********************************************************************************************************************************
2023-11-27 13:48:00,182 p=7776 u=esi n=ansible | ok: [host-1]
2023-11-27 13:48:00,248 p=7776 u=esi n=ansible | ok: [host-2]
2023-11-27 13:48:00,307 p=7776 u=esi n=ansible | PLAY RECAP ******************************************************************************************************************************************************************
2023-11-27 13:48:00,307 p=7776 u=esi n=ansible | host-1                     : ok=9    changed=6    unreachable=0    failed=0    skipped=0    rescued=0    ignored=0   
2023-11-27 13:48:00,307 p=7776 u=esi n=ansible | host-2                     : ok=9    changed=6    unreachable=0    failed=0    skipped=0    rescued=0    ignored=0   
2023-11-27 15:05:28,970 p=11667 u=esi n=ansible | PLAY [host initializing] ****************************************************************************************************************************************************
2023-11-27 15:05:28,979 p=11667 u=esi n=ansible | TASK [Gathering Facts] ******************************************************************************************************************************************************
2023-11-27 15:05:40,197 p=11667 u=esi n=ansible | ok: [host-2]
2023-11-27 15:05:40,927 p=11667 u=esi n=ansible | ok: [host-1]
2023-11-27 15:05:40,962 p=11667 u=esi n=ansible | TASK [default : Upgrade the OS] *********************************************************************************************************************************************
2023-11-27 15:06:39,293 p=11667 u=esi n=ansible | fatal: [host-1]: UNREACHABLE! => {"changed": false, "msg": "Failed to connect to the host via ssh: Shared connection to 104.248.91.66 closed.", "unreachable": true}
2023-11-27 15:06:39,921 p=11667 u=esi n=ansible | fatal: [host-2]: UNREACHABLE! => {"changed": false, "msg": "Failed to connect to the host via ssh: Shared connection to 134.122.53.118 closed.", "unreachable": true}
2023-11-27 15:06:39,922 p=11667 u=esi n=ansible | PLAY RECAP ******************************************************************************************************************************************************************
2023-11-27 15:06:39,923 p=11667 u=esi n=ansible | host-1                     : ok=1    changed=0    unreachable=1    failed=0    skipped=0    rescued=0    ignored=0   
2023-11-27 15:06:39,923 p=11667 u=esi n=ansible | host-2                     : ok=1    changed=0    unreachable=1    failed=0    skipped=0    rescued=0    ignored=0   
2023-11-27 15:07:34,230 p=11807 u=esi n=ansible | PLAY [host initializing] ****************************************************************************************************************************************************
2023-11-27 15:07:34,245 p=11807 u=esi n=ansible | TASK [Gathering Facts] ******************************************************************************************************************************************************
2023-11-27 15:07:45,427 p=11807 u=esi n=ansible | ok: [host-1]
2023-11-27 15:07:46,787 p=11807 u=esi n=ansible | ok: [host-2]
2023-11-27 15:07:46,831 p=11807 u=esi n=ansible | TASK [default : Upgrade the OS] *********************************************************************************************************************************************
2023-11-27 15:08:04,409 p=11807 u=esi n=ansible | fatal: [host-1]: FAILED! => {"changed": false, "msg": "'/usr/bin/apt-get dist-upgrade ' failed: E: Could not get lock /var/lib/dpkg/lock-frontend. It is held by process 9239 (apt-get)\nE: Unable to acquire the dpkg frontend lock (/var/lib/dpkg/lock-frontend), is another process using it?\n", "rc": 100, "stdout": "", "stdout_lines": []}
2023-11-27 15:08:06,256 p=11807 u=esi n=ansible | fatal: [host-2]: FAILED! => {"changed": false, "msg": "'/usr/bin/apt-get dist-upgrade ' failed: E: Could not get lock /var/lib/dpkg/lock-frontend. It is held by process 9240 (apt-get)\nE: Unable to acquire the dpkg frontend lock (/var/lib/dpkg/lock-frontend), is another process using it?\n", "rc": 100, "stdout": "", "stdout_lines": []}
2023-11-27 15:08:06,258 p=11807 u=esi n=ansible | PLAY RECAP ******************************************************************************************************************************************************************
2023-11-27 15:08:06,258 p=11807 u=esi n=ansible | host-1                     : ok=1    changed=0    unreachable=0    failed=1    skipped=0    rescued=0    ignored=0   
2023-11-27 15:08:06,258 p=11807 u=esi n=ansible | host-2                     : ok=1    changed=0    unreachable=0    failed=1    skipped=0    rescued=0    ignored=0   
2023-11-27 15:08:50,726 p=11929 u=esi n=ansible | PLAY [host initializing] ****************************************************************************************************************************************************
2023-11-27 15:08:50,736 p=11929 u=esi n=ansible | TASK [Gathering Facts] ******************************************************************************************************************************************************
2023-11-27 15:09:02,870 p=11929 u=esi n=ansible | ok: [host-2]
2023-11-27 15:09:03,349 p=11929 u=esi n=ansible | ok: [host-1]
2023-11-27 15:09:03,388 p=11929 u=esi n=ansible | TASK [default : Upgrade the OS] *********************************************************************************************************************************************
2023-11-27 15:09:19,004 p=11929 u=esi n=ansible | ok: [host-1]
2023-11-27 15:09:19,842 p=11929 u=esi n=ansible | ok: [host-2]
2023-11-27 15:09:19,850 p=11929 u=esi n=ansible | TASK [default : Unconditionally reboot the machine with all defaults] *******************************************************************************************************
2023-11-27 15:10:10,017 p=11929 u=esi n=ansible | changed: [host-1]
2023-11-27 15:10:14,122 p=11929 u=esi n=ansible | changed: [host-2]
2023-11-27 15:10:14,130 p=11929 u=esi n=ansible | TASK [default : Install aptitude] *******************************************************************************************************************************************
2023-11-27 15:10:41,075 p=11929 u=esi n=ansible | changed: [host-1]
2023-11-27 15:10:42,270 p=11929 u=esi n=ansible | changed: [host-2]
2023-11-27 15:10:42,278 p=11929 u=esi n=ansible | TASK [default : Setup passwordless sudo] ************************************************************************************************************************************
2023-11-27 15:10:47,219 p=11929 u=esi n=ansible | changed: [host-1]
2023-11-27 15:10:47,494 p=11929 u=esi n=ansible | changed: [host-2]
2023-11-27 15:10:47,504 p=11929 u=esi n=ansible | TASK [default : Created a new regular user with sudo privileges] ************************************************************************************************************
2023-11-27 15:10:52,882 p=11929 u=esi n=ansible | changed: [host-1]
2023-11-27 15:10:53,307 p=11929 u=esi n=ansible | changed: [host-2]
2023-11-27 15:10:53,315 p=11929 u=esi n=ansible | TASK [default : Set authorized key for remote user] *************************************************************************************************************************
2023-11-27 15:10:58,744 p=11929 u=esi n=ansible | changed: [host-1]
2023-11-27 15:10:59,379 p=11929 u=esi n=ansible | changed: [host-2]
2023-11-27 15:10:59,388 p=11929 u=esi n=ansible | TASK [default : Disable password authentication for root] *******************************************************************************************************************
2023-11-27 15:11:04,488 p=11929 u=esi n=ansible | changed: [host-1]
2023-11-27 15:11:04,496 p=11929 u=esi n=ansible | changed: [host-2]
2023-11-27 15:11:04,506 p=11929 u=esi n=ansible | TASK [default : Update apt and install sth] *********************************************************************************************************************************
2023-11-27 15:11:20,155 p=11929 u=esi n=ansible | ok: [host-1]
2023-11-27 15:11:20,163 p=11929 u=esi n=ansible | ok: [host-2]
2023-11-27 15:11:20,238 p=11929 u=esi n=ansible | PLAY RECAP ******************************************************************************************************************************************************************
2023-11-27 15:11:20,238 p=11929 u=esi n=ansible | host-1                     : ok=9    changed=6    unreachable=0    failed=0    skipped=0    rescued=0    ignored=0   
2023-11-27 15:11:20,238 p=11929 u=esi n=ansible | host-2                     : ok=9    changed=6    unreachable=0    failed=0    skipped=0    rescued=0    ignored=0   
2023-12-04 13:40:24,522 p=10193 u=esi n=ansible | PLAY [host initializing] ****************************************************************************************************************************************************
2023-12-04 13:40:24,536 p=10193 u=esi n=ansible | TASK [Gathering Facts] ******************************************************************************************************************************************************
2023-12-04 13:40:30,563 p=10193 u=esi n=ansible | ok: [host-1]
2023-12-04 13:40:31,122 p=10193 u=esi n=ansible | ok: [host-2]
2023-12-04 13:40:31,157 p=10193 u=esi n=ansible | TASK [default : Upgrade the OS] *********************************************************************************************************************************************
2023-12-04 13:41:24,547 p=10193 u=esi n=ansible | fatal: [host-1]: UNREACHABLE! => {"changed": false, "msg": "Failed to connect to the host via ssh: Shared connection to 164.92.213.138 closed.", "unreachable": true}
2023-12-04 13:41:24,616 p=10193 u=esi n=ansible | fatal: [host-2]: UNREACHABLE! => {"changed": false, "msg": "Failed to connect to the host via ssh: Shared connection to 157.245.64.67 closed.", "unreachable": true}
2023-12-04 13:41:24,617 p=10193 u=esi n=ansible | PLAY RECAP ******************************************************************************************************************************************************************
2023-12-04 13:41:24,617 p=10193 u=esi n=ansible | host-1                     : ok=1    changed=0    unreachable=1    failed=0    skipped=0    rescued=0    ignored=0   
2023-12-04 13:41:24,617 p=10193 u=esi n=ansible | host-2                     : ok=1    changed=0    unreachable=1    failed=0    skipped=0    rescued=0    ignored=0   
2023-12-04 13:41:45,209 p=10426 u=esi n=ansible | PLAY [host initializing] ****************************************************************************************************************************************************
2023-12-04 13:41:45,219 p=10426 u=esi n=ansible | TASK [Gathering Facts] ******************************************************************************************************************************************************
2023-12-04 13:41:49,785 p=10426 u=esi n=ansible | ok: [host-1]
2023-12-04 13:41:50,100 p=10426 u=esi n=ansible | ok: [host-2]
2023-12-04 13:41:50,135 p=10426 u=esi n=ansible | TASK [default : Upgrade the OS] *********************************************************************************************************************************************
2023-12-04 13:42:03,917 p=10426 u=esi n=ansible | fatal: [host-1]: FAILED! => {"changed": false, "msg": "'/usr/bin/apt-get dist-upgrade ' failed: E: Could not get lock /var/lib/dpkg/lock-frontend. It is held by process 9186 (apt-get)\nE: Unable to acquire the dpkg frontend lock (/var/lib/dpkg/lock-frontend), is another process using it?\n", "rc": 100, "stdout": "", "stdout_lines": []}
2023-12-04 13:42:04,559 p=10426 u=esi n=ansible | fatal: [host-2]: FAILED! => {"changed": false, "msg": "'/usr/bin/apt-get dist-upgrade ' failed: E: Could not get lock /var/lib/dpkg/lock-frontend. It is held by process 9170 (apt-get)\nE: Unable to acquire the dpkg frontend lock (/var/lib/dpkg/lock-frontend), is another process using it?\n", "rc": 100, "stdout": "", "stdout_lines": []}
2023-12-04 13:42:04,561 p=10426 u=esi n=ansible | PLAY RECAP ******************************************************************************************************************************************************************
2023-12-04 13:42:04,561 p=10426 u=esi n=ansible | host-1                     : ok=1    changed=0    unreachable=0    failed=1    skipped=0    rescued=0    ignored=0   
2023-12-04 13:42:04,561 p=10426 u=esi n=ansible | host-2                     : ok=1    changed=0    unreachable=0    failed=1    skipped=0    rescued=0    ignored=0   
2023-12-04 14:10:05,967 p=14264 u=esi n=ansible | PLAY [host initializing] ****************************************************************************************************************************************************
2023-12-04 14:10:05,976 p=14264 u=esi n=ansible | TASK [Gathering Facts] ******************************************************************************************************************************************************
2023-12-04 14:10:12,287 p=14264 u=esi n=ansible | ok: [host-2]
2023-12-04 14:10:12,552 p=14264 u=esi n=ansible | ok: [host-1]
2023-12-04 14:10:12,585 p=14264 u=esi n=ansible | TASK [default : Install aptitude] *******************************************************************************************************************************************
2023-12-04 14:10:33,519 p=14264 u=esi n=ansible | changed: [host-2]
2023-12-04 14:10:35,921 p=14264 u=esi n=ansible | changed: [host-1]
2023-12-04 14:10:35,930 p=14264 u=esi n=ansible | TASK [default : Setup passwordless sudo] ************************************************************************************************************************************
2023-12-04 14:10:38,355 p=14264 u=esi n=ansible | changed: [host-1]
2023-12-04 14:10:38,356 p=14264 u=esi n=ansible | changed: [host-2]
2023-12-04 14:10:38,363 p=14264 u=esi n=ansible | TASK [default : Created a new regular user with sudo privileges] ************************************************************************************************************
2023-12-04 14:10:40,770 p=14264 u=esi n=ansible | changed: [host-2]
2023-12-04 14:10:40,899 p=14264 u=esi n=ansible | changed: [host-1]
2023-12-04 14:10:40,908 p=14264 u=esi n=ansible | TASK [default : Set authorized key for remote user] *************************************************************************************************************************
2023-12-04 14:10:43,303 p=14264 u=esi n=ansible | changed: [host-2]
2023-12-04 14:10:43,457 p=14264 u=esi n=ansible | changed: [host-1]
2023-12-04 14:10:43,464 p=14264 u=esi n=ansible | TASK [default : Disable password authentication for root] *******************************************************************************************************************
2023-12-04 14:10:45,545 p=14264 u=esi n=ansible | changed: [host-2]
2023-12-04 14:10:45,667 p=14264 u=esi n=ansible | changed: [host-1]
2023-12-04 14:10:45,678 p=14264 u=esi n=ansible | TASK [default : Update apt and install sth] *********************************************************************************************************************************
2023-12-04 14:10:56,248 p=14264 u=esi n=ansible | ok: [host-2]
2023-12-04 14:10:57,322 p=14264 u=esi n=ansible | ok: [host-1]
2023-12-04 14:10:57,407 p=14264 u=esi n=ansible | PLAY RECAP ******************************************************************************************************************************************************************
2023-12-04 14:10:57,407 p=14264 u=esi n=ansible | host-1                     : ok=7    changed=5    unreachable=0    failed=0    skipped=0    rescued=0    ignored=0   
2023-12-04 14:10:57,408 p=14264 u=esi n=ansible | host-2                     : ok=7    changed=5    unreachable=0    failed=0    skipped=0    rescued=0    ignored=0   
2023-12-04 15:43:00,149 p=26723 u=esi n=ansible | PLAY [host initializing] ****************************************************************************************************************************************************
2023-12-04 15:43:00,158 p=26723 u=esi n=ansible | TASK [Gathering Facts] ******************************************************************************************************************************************************
2023-12-04 15:43:06,412 p=26723 u=esi n=ansible | ok: [host-2]
2023-12-04 15:43:06,853 p=26723 u=esi n=ansible | ok: [host-1]
2023-12-04 15:43:06,888 p=26723 u=esi n=ansible | TASK [default : Upgrade the OS] *********************************************************************************************************************************************
2023-12-04 15:44:00,279 p=26723 u=esi n=ansible | fatal: [host-1]: UNREACHABLE! => {"changed": false, "msg": "Failed to connect to the host via ssh: Shared connection to 165.232.87.85 closed.", "unreachable": true}
2023-12-04 15:44:00,464 p=26723 u=esi n=ansible | fatal: [host-2]: UNREACHABLE! => {"changed": false, "msg": "Failed to connect to the host via ssh: Shared connection to 165.22.203.55 closed.", "unreachable": true}
2023-12-04 15:44:00,465 p=26723 u=esi n=ansible | PLAY RECAP ******************************************************************************************************************************************************************
2023-12-04 15:44:00,465 p=26723 u=esi n=ansible | host-1                     : ok=1    changed=0    unreachable=1    failed=0    skipped=0    rescued=0    ignored=0   
2023-12-04 15:44:00,465 p=26723 u=esi n=ansible | host-2                     : ok=1    changed=0    unreachable=1    failed=0    skipped=0    rescued=0    ignored=0   
2023-12-04 15:55:18,571 p=28646 u=esi n=ansible | PLAY [host initializing] ****************************************************************************************************************************************************
2023-12-04 15:55:18,580 p=28646 u=esi n=ansible | TASK [Gathering Facts] ******************************************************************************************************************************************************
2023-12-04 15:55:23,941 p=28646 u=esi n=ansible | ok: [host-1]
2023-12-04 15:55:24,195 p=28646 u=esi n=ansible | ok: [host-2]
2023-12-04 15:55:24,229 p=28646 u=esi n=ansible | TASK [default : Update the OS] **********************************************************************************************************************************************
2023-12-04 15:55:32,032 p=28646 u=esi n=ansible | changed: [host-1]
2023-12-04 15:55:32,611 p=28646 u=esi n=ansible | changed: [host-2]
2023-12-04 15:55:32,619 p=28646 u=esi n=ansible | TASK [default : Upgrade the OS] *********************************************************************************************************************************************
2023-12-04 15:56:25,932 p=28646 u=esi n=ansible | fatal: [host-1]: UNREACHABLE! => {"changed": false, "msg": "Failed to connect to the host via ssh: Shared connection to 188.166.90.127 closed.", "unreachable": true}
2023-12-04 15:56:25,955 p=28646 u=esi n=ansible | fatal: [host-2]: UNREACHABLE! => {"changed": false, "msg": "Failed to connect to the host via ssh: Shared connection to 164.92.150.110 closed.", "unreachable": true}
2023-12-04 15:56:25,957 p=28646 u=esi n=ansible | PLAY RECAP ******************************************************************************************************************************************************************
2023-12-04 15:56:25,957 p=28646 u=esi n=ansible | host-1                     : ok=2    changed=1    unreachable=1    failed=0    skipped=0    rescued=0    ignored=0   
2023-12-04 15:56:25,957 p=28646 u=esi n=ansible | host-2                     : ok=2    changed=1    unreachable=1    failed=0    skipped=0    rescued=0    ignored=0   
2023-12-04 17:16:26,301 p=39638 u=esi n=ansible | PLAY [host initializing] ****************************************************************************************************************************************************
2023-12-04 17:16:26,309 p=39638 u=esi n=ansible | TASK [Gathering Facts] ******************************************************************************************************************************************************
2023-12-04 17:16:33,095 p=39638 u=esi n=ansible | ok: [host-2]
2023-12-04 17:16:33,228 p=39638 u=esi n=ansible | ok: [host-1]
2023-12-04 17:16:33,264 p=39638 u=esi n=ansible | TASK [default : Install aptitude] *******************************************************************************************************************************************
2023-12-04 17:16:52,039 p=39638 u=esi n=ansible | changed: [host-2]
2023-12-04 17:16:53,146 p=39638 u=esi n=ansible | changed: [host-1]
2023-12-04 17:16:53,155 p=39638 u=esi n=ansible | TASK [default : Setup passwordless sudo] ************************************************************************************************************************************
2023-12-04 17:16:55,689 p=39638 u=esi n=ansible | changed: [host-2]
2023-12-04 17:16:55,731 p=39638 u=esi n=ansible | changed: [host-1]
2023-12-04 17:16:55,740 p=39638 u=esi n=ansible | TASK [default : Created a new regular user with sudo privileges] ************************************************************************************************************
2023-12-04 17:16:58,357 p=39638 u=esi n=ansible | changed: [host-2]
2023-12-04 17:16:58,371 p=39638 u=esi n=ansible | changed: [host-1]
2023-12-04 17:16:58,384 p=39638 u=esi n=ansible | TASK [default : Set authorized key for remote user] *************************************************************************************************************************
2023-12-04 17:17:00,977 p=39638 u=esi n=ansible | changed: [host-2]
2023-12-04 17:17:00,995 p=39638 u=esi n=ansible | changed: [host-1]
2023-12-04 17:17:01,009 p=39638 u=esi n=ansible | TASK [default : Disable password authentication for root] *******************************************************************************************************************
2023-12-04 17:17:03,176 p=39638 u=esi n=ansible | changed: [host-1]
2023-12-04 17:17:03,210 p=39638 u=esi n=ansible | changed: [host-2]
2023-12-04 17:17:03,295 p=39638 u=esi n=ansible | PLAY RECAP ******************************************************************************************************************************************************************
2023-12-04 17:17:03,295 p=39638 u=esi n=ansible | host-1                     : ok=6    changed=5    unreachable=0    failed=0    skipped=0    rescued=0    ignored=0   
2023-12-04 17:17:03,296 p=39638 u=esi n=ansible | host-2                     : ok=6    changed=5    unreachable=0    failed=0    skipped=0    rescued=0    ignored=0   
