2023-10-23 20:55:46,049 p=27922 u=esi n=ansible | ERROR! We were unable to read either as JSON nor YAML, these are the errors we got from each:
JSON: Expecting value: line 1 column 1 (char 0)

Syntax Error while loading YAML.
  did not find expected '-' indicator

The error appears to be in '/home/esi/Git/Self-DevOps-BootCamp-1/Task-1/ansible/docker-installation/roles/default/tasks/main.yaml': line 30, column 1, but may
be elsewhere in the file depending on the exact syntax problem.

The offending line appears to be:


-name: Install Docker Module for Python
^ here

2023-10-23 20:56:25,102 p=27943 u=esi n=ansible | ERROR! We were unable to read either as JSON nor YAML, these are the errors we got from each:
JSON: Expecting value: line 1 column 1 (char 0)

Syntax Error while loading YAML.
  did not find expected '-' indicator

The error appears to be in '/home/esi/Git/Self-DevOps-BootCamp-1/Task-1/ansible/docker-installation/roles/default/tasks/main.yaml': line 30, column 1, but may
be elsewhere in the file depending on the exact syntax problem.

The offending line appears to be:


-name: Install Docker Module for Python
^ here

2023-10-23 20:57:16,288 p=28012 u=esi n=ansible | PLAY [docker installation] **************************************************************************************************************************************************
2023-10-23 20:57:16,297 p=28012 u=esi n=ansible | TASK [Gathering Facts] ******************************************************************************************************************************************************
2023-10-23 20:57:29,708 p=28012 u=esi n=ansible | ok: [host-1]
2023-10-23 20:57:30,467 p=28012 u=esi n=ansible | ok: [host-2]
2023-10-23 20:57:30,505 p=28012 u=esi n=ansible | TASK [default : Install required system packages] ***************************************************************************************************************************
2023-10-23 20:58:37,275 p=28012 u=esi n=ansible | fatal: [host-1]: FAILED! => {"changed": false, "msg": "Failed to lock apt for exclusive operation: Failed to lock directory /var/lib/apt/lists/: E:Could not open lock file /var/lib/apt/lists/lock - open (13: Permission denied)"}
2023-10-23 20:58:37,890 p=28012 u=esi n=ansible | fatal: [host-2]: FAILED! => {"changed": false, "msg": "Failed to lock apt for exclusive operation: Failed to lock directory /var/lib/apt/lists/: E:Could not open lock file /var/lib/apt/lists/lock - open (13: Permission denied)"}
2023-10-23 20:58:37,891 p=28012 u=esi n=ansible | PLAY RECAP ******************************************************************************************************************************************************************
2023-10-23 20:58:37,891 p=28012 u=esi n=ansible | host-1                     : ok=1    changed=0    unreachable=0    failed=1    skipped=0    rescued=0    ignored=0   
2023-10-23 20:58:37,891 p=28012 u=esi n=ansible | host-2                     : ok=1    changed=0    unreachable=0    failed=1    skipped=0    rescued=0    ignored=0   
2023-10-23 21:04:37,456 p=28347 u=esi n=ansible | PLAY [docker installation] **************************************************************************************************************************************************
2023-10-23 21:04:37,470 p=28347 u=esi n=ansible | TASK [Gathering Facts] ******************************************************************************************************************************************************
2023-10-23 21:04:48,377 p=28347 u=esi n=ansible | ok: [host-1]
2023-10-23 21:04:50,085 p=28347 u=esi n=ansible | ok: [host-2]
2023-10-23 21:04:50,125 p=28347 u=esi n=ansible | TASK [default : Install required system packages] ***************************************************************************************************************************
2023-10-23 21:05:27,876 p=28347 u=esi n=ansible | changed: [host-2]
2023-10-23 21:05:42,328 p=28347 u=esi n=ansible | changed: [host-1]
2023-10-23 21:05:42,335 p=28347 u=esi n=ansible | TASK [default : Add Docker GPG apt Key] *************************************************************************************************************************************
2023-10-23 21:05:49,118 p=28347 u=esi n=ansible | changed: [host-2]
2023-10-23 21:05:49,128 p=28347 u=esi n=ansible | changed: [host-1]
2023-10-23 21:05:49,145 p=28347 u=esi n=ansible | TASK [default : Add Docker Repository] **************************************************************************************************************************************
2023-10-23 21:06:02,955 p=28347 u=esi n=ansible | changed: [host-2]
2023-10-23 21:06:08,823 p=28347 u=esi n=ansible | changed: [host-1]
2023-10-23 21:06:08,832 p=28347 u=esi n=ansible | TASK [default : Install docker-ce] ******************************************************************************************************************************************
2023-10-23 21:06:39,187 p=28347 u=esi n=ansible | changed: [host-2]
2023-10-23 21:06:40,077 p=28347 u=esi n=ansible | changed: [host-1]
2023-10-23 21:06:40,085 p=28347 u=esi n=ansible | TASK [default : Install Docker Module for Python] ***************************************************************************************************************************
2023-10-23 21:06:48,276 p=28347 u=esi n=ansible | changed: [host-1]
2023-10-23 21:06:48,936 p=28347 u=esi n=ansible | changed: [host-2]
2023-10-23 21:06:48,944 p=28347 u=esi n=ansible | TASK [default : Install Docker Compose] *************************************************************************************************************************************
2023-10-23 21:06:54,105 p=28347 u=esi n=ansible | fatal: [host-1]: FAILED! => {"changed": false, "msg": "Unable to load docker-compose. Try `pip install docker-compose`. Error: Traceback (most recent call last):\n  File \"/tmp/ansible_community.docker.docker_compose_payload_1uqt3up2/ansible_community.docker.docker_compose_payload.zip/ansible_collections/community/docker/plugins/modules/docker_compose.py\", line 522, in <module>\nModuleNotFoundError: No module named 'compose'\n"}
2023-10-23 21:06:55,643 p=28347 u=esi n=ansible | fatal: [host-2]: FAILED! => {"changed": false, "msg": "Unable to load docker-compose. Try `pip install docker-compose`. Error: Traceback (most recent call last):\n  File \"/tmp/ansible_community.docker.docker_compose_payload_m56jwixl/ansible_community.docker.docker_compose_payload.zip/ansible_collections/community/docker/plugins/modules/docker_compose.py\", line 522, in <module>\nModuleNotFoundError: No module named 'compose'\n"}
2023-10-23 21:06:55,644 p=28347 u=esi n=ansible | PLAY RECAP ******************************************************************************************************************************************************************
2023-10-23 21:06:55,644 p=28347 u=esi n=ansible | host-1                     : ok=6    changed=5    unreachable=0    failed=1    skipped=0    rescued=0    ignored=0   
2023-10-23 21:06:55,644 p=28347 u=esi n=ansible | host-2                     : ok=6    changed=5    unreachable=0    failed=1    skipped=0    rescued=0    ignored=0   
2023-10-23 21:12:05,781 p=28720 u=esi n=ansible | PLAY [docker installation] **************************************************************************************************************************************************
2023-10-23 21:12:05,794 p=28720 u=esi n=ansible | TASK [Gathering Facts] ******************************************************************************************************************************************************
2023-10-23 21:12:16,831 p=28720 u=esi n=ansible | ok: [host-1]
2023-10-23 21:12:18,434 p=28720 u=esi n=ansible | ok: [host-2]
2023-10-23 21:12:18,487 p=28720 u=esi n=ansible | TASK [default : Install required system packages] ***************************************************************************************************************************
2023-10-23 21:12:31,357 p=28720 u=esi n=ansible | ok: [host-1]
2023-10-23 21:12:36,312 p=28720 u=esi n=ansible | ok: [host-2]
2023-10-23 21:12:36,324 p=28720 u=esi n=ansible | TASK [default : Add Docker GPG apt Key] *************************************************************************************************************************************
2023-10-23 21:12:45,996 p=28720 u=esi n=ansible | ok: [host-2]
2023-10-23 21:12:46,304 p=28720 u=esi n=ansible | ok: [host-1]
2023-10-23 21:12:46,313 p=28720 u=esi n=ansible | TASK [default : Add Docker Repository] **************************************************************************************************************************************
2023-10-23 21:12:56,574 p=28720 u=esi n=ansible | ok: [host-1]
2023-10-23 21:12:57,150 p=28720 u=esi n=ansible | ok: [host-2]
2023-10-23 21:12:57,158 p=28720 u=esi n=ansible | TASK [default : Install docker-ce] ******************************************************************************************************************************************
2023-10-23 21:13:06,129 p=28720 u=esi n=ansible | ok: [host-2]
2023-10-23 21:13:08,685 p=28720 u=esi n=ansible | ok: [host-1]
2023-10-23 21:13:08,693 p=28720 u=esi n=ansible | TASK [default : Install Docker Module for Python] ***************************************************************************************************************************
2023-10-23 21:13:15,976 p=28720 u=esi n=ansible | ok: [host-1]
2023-10-23 21:13:16,987 p=28720 u=esi n=ansible | ok: [host-2]
2023-10-23 21:13:17,001 p=28720 u=esi n=ansible | TASK [default : Install Docker Compose] *************************************************************************************************************************************
2023-10-23 21:13:27,864 p=28720 u=esi n=ansible | changed: [host-2]
2023-10-23 21:13:28,921 p=28720 u=esi n=ansible | changed: [host-1]
2023-10-23 21:13:29,014 p=28720 u=esi n=ansible | PLAY RECAP ******************************************************************************************************************************************************************
2023-10-23 21:13:29,015 p=28720 u=esi n=ansible | host-1                     : ok=7    changed=1    unreachable=0    failed=0    skipped=0    rescued=0    ignored=0   
2023-10-23 21:13:29,015 p=28720 u=esi n=ansible | host-2                     : ok=7    changed=1    unreachable=0    failed=0    skipped=0    rescued=0    ignored=0   
