2023-12-05 18:35:02,835 p=7606 u=esi n=ansible | [WARNING]: Found variable using reserved name: remote_user

2023-12-05 18:35:02,836 p=7606 u=esi n=ansible | PLAY [Server Initializing] **************************************************************************************************************************************************
2023-12-05 18:35:02,845 p=7606 u=esi n=ansible | TASK [Gathering Facts] ******************************************************************************************************************************************************
2023-12-05 18:35:15,233 p=7606 u=esi n=ansible | ok: [host-1]
2023-12-05 18:35:27,335 p=7606 u=esi n=ansible | ok: [host-2]
2023-12-05 18:35:27,374 p=7606 u=esi n=ansible | TASK [role-0-initial-server : Install Aptitude] *****************************************************************************************************************************
2023-12-05 18:35:39,491 p=7606 u=esi n=ansible | ok: [host-1]
2023-12-05 18:35:51,088 p=7606 u=esi n=ansible | ok: [host-2]
2023-12-05 18:35:51,095 p=7606 u=esi n=ansible | TASK [role-0-initial-server : Setup Passwordless Sudo] **********************************************************************************************************************
2023-12-05 18:35:56,306 p=7606 u=esi n=ansible | ok: [host-1]
2023-12-05 18:36:01,106 p=7606 u=esi n=ansible | ok: [host-2]
2023-12-05 18:36:01,113 p=7606 u=esi n=ansible | TASK [role-0-initial-server : Created a New Regular User With Sudo Privileges] **********************************************************************************************
2023-12-05 18:36:06,894 p=7606 u=esi n=ansible | ok: [host-1]
2023-12-05 18:36:12,447 p=7606 u=esi n=ansible | ok: [host-2]
2023-12-05 18:36:12,454 p=7606 u=esi n=ansible | TASK [role-0-initial-server : Set Authorized Key for Remote User] ***********************************************************************************************************
2023-12-05 18:36:18,512 p=7606 u=esi n=ansible | ok: [host-1]
2023-12-05 18:36:23,783 p=7606 u=esi n=ansible | ok: [host-2]
2023-12-05 18:36:23,790 p=7606 u=esi n=ansible | TASK [role-0-initial-server : Disable Password Authentication for Root] *****************************************************************************************************
2023-12-05 18:36:28,958 p=7606 u=esi n=ansible | ok: [host-1]
2023-12-05 18:36:33,746 p=7606 u=esi n=ansible | ok: [host-2]
2023-12-05 18:36:33,831 p=7606 u=esi n=ansible | PLAY [Wordpress Deploying] **************************************************************************************************************************************************
2023-12-05 18:36:33,843 p=7606 u=esi n=ansible | TASK [Gathering Facts] ******************************************************************************************************************************************************
2023-12-05 18:36:43,926 p=7606 u=esi n=ansible | ok: [host-2]
2023-12-05 18:36:43,950 p=7606 u=esi n=ansible | TASK [role-1-install-docker : Install Required System Packages] *************************************************************************************************************
2023-12-05 18:36:52,202 p=7606 u=esi n=ansible | ok: [host-2]
2023-12-05 18:36:52,210 p=7606 u=esi n=ansible | TASK [role-1-install-docker : Add Docker GPG apt Key] ***********************************************************************************************************************
2023-12-05 18:36:57,861 p=7606 u=esi n=ansible | ok: [host-2]
2023-12-05 18:36:57,871 p=7606 u=esi n=ansible | TASK [role-1-install-docker : Add Docker Repository] ************************************************************************************************************************
2023-12-05 18:37:03,364 p=7606 u=esi n=ansible | ok: [host-2]
2023-12-05 18:37:03,374 p=7606 u=esi n=ansible | TASK [role-1-install-docker : Install Docker] *******************************************************************************************************************************
2023-12-05 18:37:11,654 p=7606 u=esi n=ansible | ok: [host-2]
2023-12-05 18:37:11,665 p=7606 u=esi n=ansible | TASK [role-1-install-docker : Install Docker Module for Python] *************************************************************************************************************
2023-12-05 18:37:18,625 p=7606 u=esi n=ansible | ok: [host-2]
2023-12-05 18:37:18,648 p=7606 u=esi n=ansible | TASK [role-2-setup-mariadb : Copy Docker-Compose File] **********************************************************************************************************************
2023-12-05 18:38:24,077 p=7606 u=esi n=ansible | ok: [host-2]
2023-12-05 18:38:24,088 p=7606 u=esi n=ansible | TASK [role-2-setup-mariadb : Set Permission for Docker Daemon] **************************************************************************************************************
2023-12-05 18:38:32,254 p=7606 u=esi n=ansible | ok: [host-2]
2023-12-05 18:38:32,264 p=7606 u=esi n=ansible | TASK [role-2-setup-mariadb : Docker Compose Up] *****************************************************************************************************************************
2023-12-05 18:38:38,306 p=7606 u=esi n=ansible | changed: [host-2]
2023-12-05 18:38:38,328 p=7606 u=esi n=ansible | TASK [role-3-setup-proxysql : Copy Docker-Compose File] *********************************************************************************************************************
2023-12-05 18:38:59,828 p=7606 u=esi n=ansible | ok: [host-2]
2023-12-05 18:38:59,836 p=7606 u=esi n=ansible | TASK [role-3-setup-proxysql : Docker Compose Up] ****************************************************************************************************************************
2023-12-05 18:39:04,464 p=7606 u=esi n=ansible | changed: [host-2]
2023-12-05 18:39:04,485 p=7606 u=esi n=ansible | TASK [role-4-setup-wordpress : Copy Docker-Compose File] ********************************************************************************************************************
2023-12-05 18:39:20,638 p=7606 u=esi n=ansible | ok: [host-2]
2023-12-05 18:39:20,648 p=7606 u=esi n=ansible | TASK [role-4-setup-wordpress : Docker Compose Up] ***************************************************************************************************************************
2023-12-05 18:39:25,374 p=7606 u=esi n=ansible | changed: [host-2]
2023-12-05 18:39:25,422 p=7606 u=esi n=ansible | PLAY [Load Balancing] *******************************************************************************************************************************************************
2023-12-05 18:39:25,430 p=7606 u=esi n=ansible | TASK [Gathering Facts] ******************************************************************************************************************************************************
2023-12-05 18:39:35,559 p=7606 u=esi n=ansible | ok: [host-1]
2023-12-05 18:39:35,579 p=7606 u=esi n=ansible | TASK [role-5-setup-load-balancer : Update Cache] ****************************************************************************************************************************
2023-12-05 18:39:44,858 p=7606 u=esi n=ansible | changed: [host-1]
2023-12-05 18:39:44,864 p=7606 u=esi n=ansible | TASK [role-5-setup-load-balancer : Installing Haproxy] **********************************************************************************************************************
2023-12-05 18:39:54,891 p=7606 u=esi n=ansible | ok: [host-1]
2023-12-05 18:39:54,899 p=7606 u=esi n=ansible | TASK [role-5-setup-load-balancer : Copy the HAProyx Config files 1] *********************************************************************************************************
2023-12-05 18:40:03,800 p=7606 u=esi n=ansible | ok: [host-1]
2023-12-05 18:40:03,809 p=7606 u=esi n=ansible | TASK [role-5-setup-load-balancer : Start the HAProxy Service] ***************************************************************************************************************
2023-12-05 18:40:10,762 p=7606 u=esi n=ansible | changed: [host-1]
2023-12-05 18:40:10,800 p=7606 u=esi n=ansible | PLAY RECAP ******************************************************************************************************************************************************************
2023-12-05 18:40:10,800 p=7606 u=esi n=ansible | host-1                     : ok=11   changed=2    unreachable=0    failed=0    skipped=0    rescued=0    ignored=0   
2023-12-05 18:40:10,800 p=7606 u=esi n=ansible | host-2                     : ok=19   changed=3    unreachable=0    failed=0    skipped=0    rescued=0    ignored=0   
